<?xml version="1.0" encoding="UTF-8"?>
<!-- Generated by org.testng.reporters.JUnitXMLReporter -->
<testsuite hostname="hp" name="Default test" tests="5" failures="0" timestamp="23 Jul 2018 16:10:48 GMT" time="0.109" errors="0">
  <testcase name="addToCart" time="0.032" classname="pac.CartTest"/>
  <testcase name="addToCart" time="0.0" classname="pac.CartTest"/>
  <testcase name="addToCart" time="0.015" classname="pac.CartTest"/>
  <testcase name="addToCart" time="0.0" classname="pac.CartTest"/>
  <testcase name="addToCart" time="0.0" classname="pac.CartTest"/>
</testsuite> <!-- Default test -->
