<?xml version="1.0" encoding="UTF-8"?>
<!-- Generated by org.testng.reporters.JUnitXMLReporter -->
<testsuite hostname="hp" name="Test" tests="4" failures="0" timestamp="17 Jul 2018 14:33:10 GMT" time="0.058" errors="0">
  <testcase name="CreateCustomerTest" time="0.015" classname="com.acttime.customertest.CustomerTest"/>
  <testcase name="CreateUserTest" time="0.003" classname="com.acttime.usertest.UserTest"/>
  <testcase name="ModifyUserTest" time="0.006" classname="com.acttime.usertest.UserTest"/>
  <testcase name="CreateProjetcTest" time="0.002" classname="com.acttime.projecttest.ProjectTest"/>
</testsuite> <!-- Test -->
