<?xml version="1.0" encoding="UTF-8"?>
<!-- Generated by org.testng.reporters.JUnitXMLReporter -->
<testsuite hostname="hp" name="Test_Runner-1" tests="3" failures="0" timestamp="18 Jul 2018 17:47:39 GMT" time="23.002" errors="0">
  <testcase name="CreateCustomerTest" time="22.96" classname="com.acttime.customertest.CustomerTest"/>
  <testcase name="DeleteCustomerTest" time="0.002" classname="com.acttime.customertest.CustomerTest"/>
  <testcase name="ModifyCustomerTest" time="0.001" classname="com.acttime.customertest.CustomerTest"/>
</testsuite> <!-- Test_Runner-1 -->
