<?xml version="1.0" encoding="UTF-8"?>
<!-- Generated by org.testng.reporters.JUnitXMLReporter -->
<testsuite hostname="hp" name="Test_Runner-2" tests="3" failures="0" timestamp="18 Jul 2018 17:47:30 GMT" time="13.7" errors="0">
  <testcase name="CreateProjetcTest" time="13.573" classname="com.acttime.projecttest.ProjectTest"/>
  <testcase name="DeleteProjectTest" time="0.003" classname="com.acttime.projecttest.ProjectTest"/>
  <testcase name="ModifyProjetcTest" time="0.004" classname="com.acttime.projecttest.ProjectTest"/>
</testsuite> <!-- Test_Runner-2 -->
